INFO: [VRFC 10-2263] Analyzing Verilog file "C:/Users/Administrator/Documents/GitHub/Digital-Logic/WashingMachine/WashingMachine.srcs/sources_1/new/devider.v" into library xil_defaultlib
INFO: [VRFC 10-311] analyzing module devider
WARNING: [VRFC 10-1315] redeclaration of ansi port clk is not allowed [C:/Users/Administrator/Documents/GitHub/Digital-Logic/WashingMachine/WashingMachine.srcs/sources_1/new/devider.v:6]
INFO: [VRFC 10-2263] Analyzing Verilog file "C:/Users/Administrator/Documents/GitHub/Digital-Logic/WashingMachine/WashingMachine.srcs/sources_1/new/ScanningDisplayController.v" into library xil_defaultlib
INFO: [VRFC 10-311] analyzing module SDC
ERROR: [VRFC 10-1280] procedural assignment to a non-register data is not permitted, left-hand side should be reg/integer/time/genvar [C:/Users/Administrator/Documents/GitHub/Digital-Logic/WashingMachine/WashingMachine.srcs/sources_1/new/ScanningDisplayController.v:13]
ERROR: [VRFC 10-1280] procedural assignment to a non-register data is not permitted, left-hand side should be reg/integer/time/genvar [C:/Users/Administrator/Documents/GitHub/Digital-Logic/WashingMachine/WashingMachine.srcs/sources_1/new/ScanningDisplayController.v:13]
ERROR: [VRFC 10-1280] procedural assignment to a non-register data is not permitted, left-hand side should be reg/integer/time/genvar [C:/Users/Administrator/Documents/GitHub/Digital-Logic/WashingMachine/WashingMachine.srcs/sources_1/new/ScanningDisplayController.v:14]
ERROR: [VRFC 10-1280] procedural assignment to a non-register data is not permitted, left-hand side should be reg/integer/time/genvar [C:/Users/Administrator/Documents/GitHub/Digital-Logic/WashingMachine/WashingMachine.srcs/sources_1/new/ScanningDisplayController.v:14]
ERROR: [VRFC 10-1280] procedural assignment to a non-register data is not permitted, left-hand side should be reg/integer/time/genvar [C:/Users/Administrator/Documents/GitHub/Digital-Logic/WashingMachine/WashingMachine.srcs/sources_1/new/ScanningDisplayController.v:15]
ERROR: [VRFC 10-1280] procedural assignment to a non-register data is not permitted, left-hand side should be reg/integer/time/genvar [C:/Users/Administrator/Documents/GitHub/Digital-Logic/WashingMachine/WashingMachine.srcs/sources_1/new/ScanningDisplayController.v:15]
ERROR: [VRFC 10-1280] procedural assignment to a non-register data is not permitted, left-hand side should be reg/integer/time/genvar [C:/Users/Administrator/Documents/GitHub/Digital-Logic/WashingMachine/WashingMachine.srcs/sources_1/new/ScanningDisplayController.v:16]
ERROR: [VRFC 10-1280] procedural assignment to a non-register data is not permitted, left-hand side should be reg/integer/time/genvar [C:/Users/Administrator/Documents/GitHub/Digital-Logic/WashingMachine/WashingMachine.srcs/sources_1/new/ScanningDisplayController.v:16]
ERROR: [VRFC 10-1280] procedural assignment to a non-register data is not permitted, left-hand side should be reg/integer/time/genvar [C:/Users/Administrator/Documents/GitHub/Digital-Logic/WashingMachine/WashingMachine.srcs/sources_1/new/ScanningDisplayController.v:17]
ERROR: [VRFC 10-1280] procedural assignment to a non-register data is not permitted, left-hand side should be reg/integer/time/genvar [C:/Users/Administrator/Documents/GitHub/Digital-Logic/WashingMachine/WashingMachine.srcs/sources_1/new/ScanningDisplayController.v:17]
ERROR: [VRFC 10-1280] procedural assignment to a non-register data is not permitted, left-hand side should be reg/integer/time/genvar [C:/Users/Administrator/Documents/GitHub/Digital-Logic/WashingMachine/WashingMachine.srcs/sources_1/new/ScanningDisplayController.v:18]
ERROR: [VRFC 10-1280] procedural assignment to a non-register data is not permitted, left-hand side should be reg/integer/time/genvar [C:/Users/Administrator/Documents/GitHub/Digital-Logic/WashingMachine/WashingMachine.srcs/sources_1/new/ScanningDisplayController.v:18]
ERROR: [VRFC 10-1280] procedural assignment to a non-register data is not permitted, left-hand side should be reg/integer/time/genvar [C:/Users/Administrator/Documents/GitHub/Digital-Logic/WashingMachine/WashingMachine.srcs/sources_1/new/ScanningDisplayController.v:19]
ERROR: [VRFC 10-1280] procedural assignment to a non-register data is not permitted, left-hand side should be reg/integer/time/genvar [C:/Users/Administrator/Documents/GitHub/Digital-Logic/WashingMachine/WashingMachine.srcs/sources_1/new/ScanningDisplayController.v:19]
ERROR: [VRFC 10-1280] procedural assignment to a non-register data is not permitted, left-hand side should be reg/integer/time/genvar [C:/Users/Administrator/Documents/GitHub/Digital-Logic/WashingMachine/WashingMachine.srcs/sources_1/new/ScanningDisplayController.v:20]
ERROR: [VRFC 10-1280] procedural assignment to a non-register data is not permitted, left-hand side should be reg/integer/time/genvar [C:/Users/Administrator/Documents/GitHub/Digital-Logic/WashingMachine/WashingMachine.srcs/sources_1/new/ScanningDisplayController.v:20]
ERROR: [VRFC 10-1280] procedural assignment to a non-register AN is not permitted, left-hand side should be reg/integer/time/genvar [C:/Users/Administrator/Documents/GitHub/Digital-Logic/WashingMachine/WashingMachine.srcs/sources_1/new/ScanningDisplayController.v:27]
ERROR: [VRFC 10-1280] procedural assignment to a non-register AN is not permitted, left-hand side should be reg/integer/time/genvar [C:/Users/Administrator/Documents/GitHub/Digital-Logic/WashingMachine/WashingMachine.srcs/sources_1/new/ScanningDisplayController.v:27]
ERROR: [VRFC 10-1280] procedural assignment to a non-register CN is not permitted, left-hand side should be reg/integer/time/genvar [C:/Users/Administrator/Documents/GitHub/Digital-Logic/WashingMachine/WashingMachine.srcs/sources_1/new/ScanningDisplayController.v:27]
INFO: [#UNDEF] Sorry, too many errors..
